Tue Nov 22 19:14:17 CET 2016: adafruit-atmega32u4
Program:    3758 bytes (11.5% Full)
Data:        178 bytes (7.0% Full)
Tue Nov 22 19:14:19 CET 2016: adafruit-atmega32u4-cat
Program:    3758 bytes (11.5% Full)
Data:        178 bytes (7.0% Full)
Tue Nov 22 19:14:21 CET 2016: atmega328-8
Program:     216 bytes (0.7% Full)
Data:          0 bytes (0.0% Full)
Tue Nov 22 19:14:23 CET 2016: attiny84-8
Program:     124 bytes (1.5% Full)
Data:          0 bytes (0.0% Full)
Tue Nov 22 19:14:24 CET 2016: attiny85-8
Program:     120 bytes (1.5% Full)
Data:          0 bytes (0.0% Full)
Tue Nov 22 19:14:26 CET 2016: attiny861-8
Program:     118 bytes (1.4% Full)
Data:          0 bytes (0.0% Full)
Tue Nov 22 19:14:27 CET 2016: cosa-custom-board
Program:     226 bytes (0.7% Full)
Data:          0 bytes (0.0% Full)
Tue Nov 22 19:14:29 CET 2016: diecimila
Program:     206 bytes (1.3% Full)
Data:          0 bytes (0.0% Full)
Tue Nov 22 19:14:31 CET 2016: duemilanove
Program:     216 bytes (0.7% Full)
Data:          0 bytes (0.0% Full)
Tue Nov 22 19:14:32 CET 2016: iboard
Program:     236 bytes (0.7% Full)
Data:          0 bytes (0.0% Full)
Tue Nov 22 19:14:34 CET 2016: leonardo
Program:    3762 bytes (11.5% Full)
Data:        178 bytes (7.0% Full)
Tue Nov 22 19:14:36 CET 2016: lilypad
Program:     216 bytes (0.7% Full)
Data:          0 bytes (0.0% Full)
Tue Nov 22 19:14:37 CET 2016: lilypad-usb
Program:    3758 bytes (11.5% Full)
Data:        178 bytes (7.0% Full)
Tue Nov 22 19:14:39 CET 2016: mega1280
Program:     340 bytes (0.3% Full)
Data:          0 bytes (0.0% Full)
Tue Nov 22 19:14:41 CET 2016: mega2560
Program:     344 bytes (0.1% Full)
Data:          0 bytes (0.0% Full)
Tue Nov 22 19:14:43 CET 2016: micro
Program:    3758 bytes (11.5% Full)
Data:        178 bytes (7.0% Full)
Tue Nov 22 19:14:45 CET 2016: microduino-core
Program:     216 bytes (0.7% Full)
Data:          0 bytes (0.0% Full)
Tue Nov 22 19:14:46 CET 2016: microduino-core32u4
Program:    3758 bytes (11.5% Full)
Data:        178 bytes (7.0% Full)
Tue Nov 22 19:14:48 CET 2016: microduino-core-plus
Program:     236 bytes (0.4% Full)
Data:          0 bytes (0.0% Full)
Tue Nov 22 19:14:50 CET 2016: mighty
Program:     262 bytes (0.2% Full)
Data:          0 bytes (0.0% Full)
Tue Nov 22 19:14:51 CET 2016: mighty-opt
Program:     262 bytes (0.2% Full)
Data:          0 bytes (0.0% Full)
Tue Nov 22 19:14:53 CET 2016: miniwireless
Program:     862 bytes (2.6% Full)
Data:         13 bytes (0.6% Full)
Tue Nov 22 19:14:55 CET 2016: moteino
Program:     236 bytes (0.7% Full)
Data:          0 bytes (0.0% Full)
Tue Nov 22 19:14:56 CET 2016: moteino-mega
Program:     282 bytes (0.2% Full)
Data:          0 bytes (0.0% Full)
Tue Nov 22 19:14:58 CET 2016: nano
Program:     216 bytes (0.7% Full)
Data:          0 bytes (0.0% Full)
Tue Nov 22 19:14:59 CET 2016: pinoccio
Program:     434 bytes (0.2% Full)
Data:          0 bytes (0.0% Full)
Tue Nov 22 19:15:01 CET 2016: pro-micro
Program:    3762 bytes (11.5% Full)
Data:        178 bytes (7.0% Full)
Tue Nov 22 19:15:03 CET 2016: pro-micro-8
Program:    3762 bytes (11.5% Full)
Data:        178 bytes (7.0% Full)
Tue Nov 22 19:15:05 CET 2016: pro-mini
Program:     216 bytes (0.7% Full)
Data:          0 bytes (0.0% Full)
Tue Nov 22 19:15:06 CET 2016: pro-mini-8
Program:     216 bytes (0.7% Full)
Data:          0 bytes (0.0% Full)
Tue Nov 22 19:15:08 CET 2016: teensy-2_0
Program:    3774 bytes (11.5% Full)
Data:        178 bytes (7.0% Full)
Tue Nov 22 19:15:10 CET 2016: teensypp-2_0
Program:    3780 bytes (2.9% Full)
Data:        178 bytes (2.2% Full)
Tue Nov 22 19:15:12 CET 2016: uno
Program:     216 bytes (0.7% Full)
Data:          0 bytes (0.0% Full)
Tue Nov 22 19:15:13 CET 2016: wildfire
Program:     512 bytes (0.4% Full)
Data:          0 bytes (0.0% Full)
